Info: Starting: Create HDL design files for synthesis
Info: qsys-generate /home/pedrolpfbf/Desktop/Tutorial-Entrega-NIOS-IP/niosHello.qsys --synthesis=VERILOG --output-directory=/home/pedrolpfbf/Desktop/Tutorial-Entrega-NIOS-IP/niosHello/synthesis --family="Cyclone V" --part=5CSXFC6D6F31C6
Progress: Loading Tutorial-Entrega-NIOS-IP/niosHello.qsys
Progress: Reading input file
Progress: Adding clk_0 [clock_source 18.1]
Progress: Parameterizing module clk_0
Progress: Adding jtag_uart_0 [altera_avalon_jtag_uart 18.1]
Progress: Parameterizing module jtag_uart_0
Progress: Adding nios2_gen2_0 [altera_nios2_gen2 18.1]
Progress: Parameterizing module nios2_gen2_0
Progress: Adding onchip_memory2_0 [altera_avalon_onchip_memory2 18.1]
Progress: Parameterizing module onchip_memory2_0
Progress: Adding peripheral_LED_0 [peripheral_LED 0.1]
Progress: Parameterizing module peripheral_LED_0
Progress: Adding ps2_peripheral_0 [ps2_peripheral 1.0]
Progress: Parameterizing module ps2_peripheral_0
Progress: Building connections
Progress: Parameterizing connections
Progress: Validating
Progress: Done reading input file
Info: niosHello.jtag_uart_0: JTAG UART IP input clock need to be at least double (2x) the operating frequency of JTAG TCK on board
Info: niosHello: Generating niosHello "niosHello" for QUARTUS_SYNTH
Info: jtag_uart_0: Starting RTL generation for module 'niosHello_jtag_uart_0'
Info: jtag_uart_0:   Generation command is [exec /home/pedrolpfbf/intelFPGA/18.1/quartus/linux64/perl/bin/perl -I /home/pedrolpfbf/intelFPGA/18.1/quartus/linux64/perl/lib -I /home/pedrolpfbf/intelFPGA/18.1/quartus/sopc_builder/bin/europa -I /home/pedrolpfbf/intelFPGA/18.1/quartus/sopc_builder/bin/perl_lib -I /home/pedrolpfbf/intelFPGA/18.1/quartus/sopc_builder/bin -I /home/pedrolpfbf/intelFPGA/18.1/quartus/../ip/altera/sopc_builder_ip/common -I /home/pedrolpfbf/intelFPGA/18.1/quartus/../ip/altera/sopc_builder_ip/altera_avalon_jtag_uart -- /home/pedrolpfbf/intelFPGA/18.1/quartus/../ip/altera/sopc_builder_ip/altera_avalon_jtag_uart/generate_rtl.pl --name=niosHello_jtag_uart_0 --dir=/tmp/alt8169_131166210090521312.dir/0002_jtag_uart_0_gen/ --quartus_dir=/home/pedrolpfbf/intelFPGA/18.1/quartus --verilog --config=/tmp/alt8169_131166210090521312.dir/0002_jtag_uart_0_gen//niosHello_jtag_uart_0_component_configuration.pl  --do_build_sim=0  ]
Info: jtag_uart_0: Done RTL generation for module 'niosHello_jtag_uart_0'
Info: jtag_uart_0: "niosHello" instantiated altera_avalon_jtag_uart "jtag_uart_0"
Info: nios2_gen2_0: "niosHello" instantiated altera_nios2_gen2 "nios2_gen2_0"
Info: onchip_memory2_0: Starting RTL generation for module 'niosHello_onchip_memory2_0'
Info: onchip_memory2_0:   Generation command is [exec /home/pedrolpfbf/intelFPGA/18.1/quartus/linux64/perl/bin/perl -I /home/pedrolpfbf/intelFPGA/18.1/quartus/linux64/perl/lib -I /home/pedrolpfbf/intelFPGA/18.1/quartus/sopc_builder/bin/europa -I /home/pedrolpfbf/intelFPGA/18.1/quartus/sopc_builder/bin/perl_lib -I /home/pedrolpfbf/intelFPGA/18.1/quartus/sopc_builder/bin -I /home/pedrolpfbf/intelFPGA/18.1/quartus/../ip/altera/sopc_builder_ip/common -I /home/pedrolpfbf/intelFPGA/18.1/quartus/../ip/altera/sopc_builder_ip/altera_avalon_onchip_memory2 -- /home/pedrolpfbf/intelFPGA/18.1/quartus/../ip/altera/sopc_builder_ip/altera_avalon_onchip_memory2/generate_rtl.pl --name=niosHello_onchip_memory2_0 --dir=/tmp/alt8169_131166210090521312.dir/0003_onchip_memory2_0_gen/ --quartus_dir=/home/pedrolpfbf/intelFPGA/18.1/quartus --verilog --config=/tmp/alt8169_131166210090521312.dir/0003_onchip_memory2_0_gen//niosHello_onchip_memory2_0_component_configuration.pl  --do_build_sim=0  ]
Info: onchip_memory2_0: Done RTL generation for module 'niosHello_onchip_memory2_0'
Info: onchip_memory2_0: "niosHello" instantiated altera_avalon_onchip_memory2 "onchip_memory2_0"
Info: peripheral_LED_0: "niosHello" instantiated peripheral_LED "peripheral_LED_0"
Info: ps2_peripheral_0: "niosHello" instantiated ps2_peripheral "ps2_peripheral_0"
Info: avalon_st_adapter: Inserting error_adapter: error_adapter_0
Info: avalon_st_adapter_001: Inserting error_adapter: error_adapter_0
Info: avalon_st_adapter_002: Inserting error_adapter: error_adapter_0
Info: avalon_st_adapter_003: Inserting error_adapter: error_adapter_0
Info: avalon_st_adapter_004: Inserting error_adapter: error_adapter_0
Info: mm_interconnect_0: "niosHello" instantiated altera_mm_interconnect "mm_interconnect_0"
Info: irq_mapper: "niosHello" instantiated altera_irq_mapper "irq_mapper"
Info: rst_controller: "niosHello" instantiated altera_reset_controller "rst_controller"
Info: cpu: Starting RTL generation for module 'niosHello_nios2_gen2_0_cpu'
Info: cpu:   Generation command is [exec /home/pedrolpfbf/intelFPGA/18.1/quartus/linux64//eperlcmd -I /home/pedrolpfbf/intelFPGA/18.1/quartus/linux64//perl/lib -I /home/pedrolpfbf/intelFPGA/18.1/quartus/sopc_builder/bin/europa -I /home/pedrolpfbf/intelFPGA/18.1/quartus/sopc_builder/bin/perl_lib -I /home/pedrolpfbf/intelFPGA/18.1/quartus/sopc_builder/bin -I /home/pedrolpfbf/intelFPGA/18.1/quartus/../ip/altera/nios2_ip/altera_nios2_gen2/cpu_lib -I /home/pedrolpfbf/intelFPGA/18.1/quartus/../ip/altera/nios2_ip/altera_nios2_gen2/nios_lib -I /home/pedrolpfbf/intelFPGA/18.1/quartus/../ip/altera/nios2_ip/altera_nios2_gen2 -I /home/pedrolpfbf/intelFPGA/18.1/quartus/../ip/altera/nios2_ip/altera_nios2_gen2 -- /home/pedrolpfbf/intelFPGA/18.1/quartus/../ip/altera/nios2_ip/altera_nios2_gen2/generate_rtl.epl --name=niosHello_nios2_gen2_0_cpu --dir=/tmp/alt8169_131166210090521312.dir/0008_cpu_gen/ --quartus_bindir=/home/pedrolpfbf/intelFPGA/18.1/quartus/linux64/ --verilog --config=/tmp/alt8169_131166210090521312.dir/0008_cpu_gen//niosHello_nios2_gen2_0_cpu_processor_configuration.pl  --do_build_sim=0  ]
Info: cpu: # 2019.09.30 19:31:19 (*) Starting Nios II generation
Info: cpu: # 2019.09.30 19:31:19 (*)   Checking for plaintext license.
Info: cpu: # 2019.09.30 19:31:20 (*)   Plaintext license not found.
Info: cpu: # 2019.09.30 19:31:20 (*)   No license required to generate encrypted Nios II/e.
Info: cpu: # 2019.09.30 19:31:20 (*)   Elaborating CPU configuration settings
Info: cpu: # 2019.09.30 19:31:20 (*)   Creating all objects for CPU
Info: cpu: # 2019.09.30 19:31:21 (*)   Generating RTL from CPU objects
Info: cpu: # 2019.09.30 19:31:21 (*)   Creating plain-text RTL
Info: cpu: # 2019.09.30 19:31:22 (*) Done Nios II generation
Info: cpu: Done RTL generation for module 'niosHello_nios2_gen2_0_cpu'
Info: cpu: "nios2_gen2_0" instantiated altera_nios2_gen2_unit "cpu"
Info: nios2_gen2_0_data_master_translator: "mm_interconnect_0" instantiated altera_merlin_master_translator "nios2_gen2_0_data_master_translator"
Info: jtag_uart_0_avalon_jtag_slave_translator: "mm_interconnect_0" instantiated altera_merlin_slave_translator "jtag_uart_0_avalon_jtag_slave_translator"
Info: nios2_gen2_0_data_master_agent: "mm_interconnect_0" instantiated altera_merlin_master_agent "nios2_gen2_0_data_master_agent"
Info: jtag_uart_0_avalon_jtag_slave_agent: "mm_interconnect_0" instantiated altera_merlin_slave_agent "jtag_uart_0_avalon_jtag_slave_agent"
Info: jtag_uart_0_avalon_jtag_slave_agent_rsp_fifo: "mm_interconnect_0" instantiated altera_avalon_sc_fifo "jtag_uart_0_avalon_jtag_slave_agent_rsp_fifo"
Info: router: "mm_interconnect_0" instantiated altera_merlin_router "router"
Info: router_001: "mm_interconnect_0" instantiated altera_merlin_router "router_001"
Info: router_002: "mm_interconnect_0" instantiated altera_merlin_router "router_002"
Info: router_003: "mm_interconnect_0" instantiated altera_merlin_router "router_003"
Info: cmd_demux: "mm_interconnect_0" instantiated altera_merlin_demultiplexer "cmd_demux"
Info: cmd_demux_001: "mm_interconnect_0" instantiated altera_merlin_demultiplexer "cmd_demux_001"
Info: cmd_mux: "mm_interconnect_0" instantiated altera_merlin_multiplexer "cmd_mux"
Info: cmd_mux_001: "mm_interconnect_0" instantiated altera_merlin_multiplexer "cmd_mux_001"
Info: Reusing file /home/pedrolpfbf/Desktop/Tutorial-Entrega-NIOS-IP/niosHello/synthesis/submodules/altera_merlin_arbitrator.sv
Info: rsp_demux: "mm_interconnect_0" instantiated altera_merlin_demultiplexer "rsp_demux"
Info: rsp_demux_001: "mm_interconnect_0" instantiated altera_merlin_demultiplexer "rsp_demux_001"
Info: rsp_mux: "mm_interconnect_0" instantiated altera_merlin_multiplexer "rsp_mux"
Info: Reusing file /home/pedrolpfbf/Desktop/Tutorial-Entrega-NIOS-IP/niosHello/synthesis/submodules/altera_merlin_arbitrator.sv
Info: rsp_mux_001: "mm_interconnect_0" instantiated altera_merlin_multiplexer "rsp_mux_001"
Info: Reusing file /home/pedrolpfbf/Desktop/Tutorial-Entrega-NIOS-IP/niosHello/synthesis/submodules/altera_merlin_arbitrator.sv
Info: avalon_st_adapter: "mm_interconnect_0" instantiated altera_avalon_st_adapter "avalon_st_adapter"
Info: error_adapter_0: "avalon_st_adapter" instantiated error_adapter "error_adapter_0"
Info: niosHello: Done "niosHello" with 29 modules, 44 files
Info: qsys-generate succeeded.
Info: Finished: Create HDL design files for synthesis
